<?xml version="1.0" encoding="UTF-8"?>
<!-- Generated by org.testng.reporters.JUnitReportReporter -->
<testsuite hostname="Fethiye" failures="0" tests="1" name="mpack.FirstTest" time="3.226" errors="0" timestamp="2023-09-07T10:18:54 MESZ" skipped="0">
  <testcase classname="mpack.FirstTest" name="mOne" time="3.226"/>
  <system-out/>
</testsuite> <!-- mpack.FirstTest -->
